VeriAbs
1.4.1-12

This product includes software developed by Daniel Kroening,
Edmund Clarke,
Computer Science Department, University of Oxford
Computer Science Department, Carnegie Mellon University

VeriAbs root: /home/divyesh/Tools/VeriAbs

cp: cannot stat './*.h': No such file or directory
VeriAbs input C file(rw): /home/divyesh/ar_abs_temp/temp_c.c



***Preparing IRs for each C file...


/home/divyesh/Tools/VeriAbs/bin/cppfe --edg-m --edg-w --edg--gcc --edg--c99 --edg--preinclude=/home/divyesh/ar_abs_temp/slice/LabtecPrefixHeader.h -O "/home/divyesh/ar_abs_temp/slice/IRs" "temp_c.c" 2>> "/home/divyesh/ar_abs_temp/slice/Logs/slice.err" 1>> "/home/divyesh/ar_abs_temp/slice/Logs/slice.log"


IR generation completed
Attempting IFLS -- No.
/usr/local/lib/python2.7/dist-packages/sklearn/base.py:311: UserWarning: Trying to unpickle estimator DecisionTreeClassifier from version 0.20.0 when using version 0.19.2. This might lead to breaking code or invalid results. Use at your own risk.
  UserWarning)


 IR generation completed
 Array Abstraction
 MTS:OUT OF SCOPE
 ARP:PROGRAM OUT OF SCOPE
 Starting LSH Array Abstraction..
 Examining ArrayAbstractability of temp_c
 YES_ARRAYABS
 Amenable to Array Abstraction
 NO_AVP
 Examining K-shrinkability of temp_c for K= 1
 ** 0 of 1 failed (1 iteration)
 VERIFICATION SUCCESSFUL
 Verification successful
 exiting with 1
 Checking property of temp_c with K= 1
 ** 1 of 2 failed (2 iterations)
 VERIFICATION FAILED
 Verification failed
 exiting with 0
 OUTCOME temp_c 1 NO
 
 LSH time taken,11
 VeriAbs:LSH:VERIABS_VERIFICATION_FAILED
 
 AFL Run COMMAND:
 timeout -k 2s 739 /home/divyesh/Tools/VeriAbs/verifuzz/scripts/verifuzz.py --debug 1 --propertyFile /home/divyesh/Tools/VeriAbs/supportFiles/reachsafety.prp /home/divyesh/ar_abs_temp/temp_c.c > /home/divyesh/ar_abs_temp/temp_c/Logs/verifuzzop.txt
 VeriFuzz_UNKNOWN
 
 witness test_d : /home/divyesh/cav21-bench/unsafe/witness.graphml.
FINISHED CPU 34.44 MEM 233864 MAXMEM 13443252 STALE 0
<time name="ALL">32530</time>
